<?xml version="1.0" encoding="UTF-8"?>
<testsuite name="createTable"
           tests="10"
           failures="0"
           errors="0"
           skipped="0"
           time="0.054">
  <properties />
  
  
            <testcase name="createTable" time="0.002" classname="TestCases.testCreatTable" />
                <testcase name="createTable" time="0.040" classname="TestCases.testCreatTable" />
                <testcase name="createTable" time="0.000" classname="TestCases.testCreatTable" />
                <testcase name="createTable" time="0.001" classname="TestCases.testCreatTable" />
                <testcase name="createTable" time="0.000" classname="TestCases.testCreatTable" />
                <testcase name="createTable" time="0.006" classname="TestCases.testCreatTable" />
                <testcase name="createTable" time="0.001" classname="TestCases.testCreatTable" />
                <testcase name="createTable" time="0.001" classname="TestCases.testCreatTable" />
                <testcase name="createTable" time="0.000" classname="TestCases.testCreatTable" />
                <testcase name="createTable" time="0.003" classname="TestCases.testCreatTable" />
      
</testsuite>
